2021-05-02T08:51:36+00:00 CRITICAL Uncaught Error: Class name must be a valid object or a string in C:\xampp\htdocs\Galaxy-Store\wp-content\themes\Divi\includes\builder\class-et-builder-element.php:6696
Stack trace:
#0 C:\xampp\htdocs\Galaxy-Store\wp-content\themes\Divi\includes\builder\class-et-builder-element.php(3904): ET_Builder_Element->_add_position_fields()
#1 C:\xampp\htdocs\Galaxy-Store\wp-content\themes\Divi\includes\builder\class-et-builder-element.php(854): ET_Builder_Element->_add_additional_fields()
#2 C:\xampp\htdocs\Galaxy-Store\wp-content\themes\Divi\includes\builder\main-structure-elements.php(1370): ET_Builder_Element->__construct()
#3 C:\xampp\htdocs\Galaxy-Store\wp-content\themes\Divi\includes\builder\framework.php(759): require_once('C:\\xampp\\htdocs...')
#4 C:\xampp\htdocs\Galaxy-Store\wp-includes\class-wp-hook.php(292): et_builder_add_main_elements(Object(WP))
#5 C:\xampp\htdocs\Galaxy-Store\wp-includes\class-wp-hook.php(316): WP_Hook->apply_filters(NULL, Array)
#6 C:\xampp\htdocs\Galaxy-Store\wp-includes\plugin.php(551): WP_Hook->do_action(Array)
#7 C:\xampp\htdocs\Galaxy-Store\wp-includes\class-wp.php(763): do_action_ref_array('wp', Array)
#8 C:\xampp\htdocs\Galaxy-Store\wp-includes\functions.php(1291): WP->main('')
#9 C:\xampp\htdocs\Galaxy-Store\wp-blog-header.php(16): wp()
#10 C:\xampp\htdocs\Galaxy-Store\index.php(17): require('C:\\xampp\\htdocs...')
#11 {main}
  thrown in C:\xampp\htdocs\Galaxy-Store\wp-content\themes\Divi\includes\builder\class-et-builder-element.php on line 6696

2021-05-02T16:43:53+00:00 CRITICAL Uncaught Error: Unknown named parameter $tasks_meta_id in C:\xampp\htdocs\Galaxy-Store\wp-includes\class-wp-hook.php:292
Stack trace:
#0 C:\xampp\htdocs\Galaxy-Store\wp-includes\class-wp-hook.php(316): WP_Hook->apply_filters('', Array)
#1 C:\xampp\htdocs\Galaxy-Store\wp-includes\plugin.php(551): WP_Hook->do_action(Array)
#2 C:\xampp\htdocs\Galaxy-Store\wp-content\plugins\woocommerce\packages\action-scheduler\classes\actions\ActionScheduler_Action.php(22): do_action_ref_array('wpforms_email_s...', Array)
#3 C:\xampp\htdocs\Galaxy-Store\wp-content\plugins\woocommerce\packages\action-scheduler\classes\abstracts\ActionScheduler_Abstract_QueueRunner.php(65): ActionScheduler_Action->execute()
#4 C:\xampp\htdocs\Galaxy-Store\wp-content\plugins\woocommerce\packages\action-scheduler\classes\ActionScheduler_QueueRunner.php(162): ActionScheduler_Abstract_QueueRunner->process_action(18, 'WP Cron')
#5 C:\xampp\htdocs\Galaxy-Store\wp-content\plugins\woocommerce\packages\action-scheduler\classes\ActionScheduler_QueueRunner.php(132): ActionScheduler_QueueRunner->do_batch(25, 'WP Cron')
#6 C:\xampp\htdocs\Galaxy-Store\wp-includes\class-wp-hook.php(292): ActionScheduler_QueueRunner->run('WP Cron')
#7 C:\xampp\htdocs\Galaxy-Store\wp-includes\class-wp-hook.php(316): WP_Hook->apply_filters('', Array)
#8 C:\xampp\htdocs\Galaxy-Store\wp-includes\plugin.php(551): WP_Hook->do_action(Array)
#9 C:\xampp\htdocs\Galaxy-Store\wp-cron.php(138): do_action_ref_array('action_schedule...', Array)
#10 {main}
  thrown in C:\xampp\htdocs\Galaxy-Store\wp-includes\class-wp-hook.php on line 292

2021-05-02T16:45:52+00:00 CRITICAL Uncaught Error: Unknown named parameter $tasks_meta_id in C:\xampp\htdocs\Galaxy-Store\wp-includes\class-wp-hook.php:292
Stack trace:
#0 C:\xampp\htdocs\Galaxy-Store\wp-includes\class-wp-hook.php(316): WP_Hook->apply_filters('', Array)
#1 C:\xampp\htdocs\Galaxy-Store\wp-includes\plugin.php(551): WP_Hook->do_action(Array)
#2 C:\xampp\htdocs\Galaxy-Store\wp-content\plugins\woocommerce\packages\action-scheduler\classes\actions\ActionScheduler_Action.php(22): do_action_ref_array('wpforms_email_s...', Array)
#3 C:\xampp\htdocs\Galaxy-Store\wp-content\plugins\woocommerce\packages\action-scheduler\classes\abstracts\ActionScheduler_Abstract_QueueRunner.php(65): ActionScheduler_Action->execute()
#4 C:\xampp\htdocs\Galaxy-Store\wp-content\plugins\woocommerce\packages\action-scheduler\classes\ActionScheduler_QueueRunner.php(162): ActionScheduler_Abstract_QueueRunner->process_action(20, 'WP Cron')
#5 C:\xampp\htdocs\Galaxy-Store\wp-content\plugins\woocommerce\packages\action-scheduler\classes\ActionScheduler_QueueRunner.php(132): ActionScheduler_QueueRunner->do_batch(25, 'WP Cron')
#6 C:\xampp\htdocs\Galaxy-Store\wp-includes\class-wp-hook.php(292): ActionScheduler_QueueRunner->run('WP Cron')
#7 C:\xampp\htdocs\Galaxy-Store\wp-includes\class-wp-hook.php(316): WP_Hook->apply_filters('', Array)
#8 C:\xampp\htdocs\Galaxy-Store\wp-includes\plugin.php(551): WP_Hook->do_action(Array)
#9 C:\xampp\htdocs\Galaxy-Store\wp-cron.php(138): do_action_ref_array('action_schedule...', Array)
#10 {main}
  thrown in C:\xampp\htdocs\Galaxy-Store\wp-includes\class-wp-hook.php on line 292

2021-05-02T16:47:54+00:00 CRITICAL Uncaught Error: Unknown named parameter $tasks_meta_id in C:\xampp\htdocs\Galaxy-Store\wp-includes\class-wp-hook.php:292
Stack trace:
#0 C:\xampp\htdocs\Galaxy-Store\wp-includes\class-wp-hook.php(316): WP_Hook->apply_filters('', Array)
#1 C:\xampp\htdocs\Galaxy-Store\wp-includes\plugin.php(551): WP_Hook->do_action(Array)
#2 C:\xampp\htdocs\Galaxy-Store\wp-content\plugins\woocommerce\packages\action-scheduler\classes\actions\ActionScheduler_Action.php(22): do_action_ref_array('wpforms_admin_n...', Array)
#3 C:\xampp\htdocs\Galaxy-Store\wp-content\plugins\woocommerce\packages\action-scheduler\classes\abstracts\ActionScheduler_Abstract_QueueRunner.php(65): ActionScheduler_Action->execute()
#4 C:\xampp\htdocs\Galaxy-Store\wp-content\plugins\woocommerce\packages\action-scheduler\classes\ActionScheduler_QueueRunner.php(162): ActionScheduler_Abstract_QueueRunner->process_action(23, 'WP Cron')
#5 C:\xampp\htdocs\Galaxy-Store\wp-content\plugins\woocommerce\packages\action-scheduler\classes\ActionScheduler_QueueRunner.php(132): ActionScheduler_QueueRunner->do_batch(25, 'WP Cron')
#6 C:\xampp\htdocs\Galaxy-Store\wp-includes\class-wp-hook.php(292): ActionScheduler_QueueRunner->run('WP Cron')
#7 C:\xampp\htdocs\Galaxy-Store\wp-includes\class-wp-hook.php(316): WP_Hook->apply_filters('', Array)
#8 C:\xampp\htdocs\Galaxy-Store\wp-includes\plugin.php(551): WP_Hook->do_action(Array)
#9 C:\xampp\htdocs\Galaxy-Store\wp-cron.php(138): do_action_ref_array('action_schedule...', Array)
#10 {main}
  thrown in C:\xampp\htdocs\Galaxy-Store\wp-includes\class-wp-hook.php on line 292

2021-05-02T16:48:11+00:00 CRITICAL Uncaught Error: Unknown named parameter $tasks_meta_id in C:\xampp\htdocs\Galaxy-Store\wp-includes\class-wp-hook.php:292
Stack trace:
#0 C:\xampp\htdocs\Galaxy-Store\wp-includes\class-wp-hook.php(316): WP_Hook->apply_filters('', Array)
#1 C:\xampp\htdocs\Galaxy-Store\wp-includes\plugin.php(551): WP_Hook->do_action(Array)
#2 C:\xampp\htdocs\Galaxy-Store\wp-content\plugins\woocommerce\packages\action-scheduler\classes\actions\ActionScheduler_Action.php(22): do_action_ref_array('wpforms_admin_n...', Array)
#3 C:\xampp\htdocs\Galaxy-Store\wp-content\plugins\woocommerce\packages\action-scheduler\classes\abstracts\ActionScheduler_Abstract_QueueRunner.php(65): ActionScheduler_Action->execute()
#4 C:\xampp\htdocs\Galaxy-Store\wp-content\plugins\woocommerce\packages\action-scheduler\classes\ActionScheduler_QueueRunner.php(162): ActionScheduler_Abstract_QueueRunner->process_action(24, 'Async Request')
#5 C:\xampp\htdocs\Galaxy-Store\wp-content\plugins\woocommerce\packages\action-scheduler\classes\ActionScheduler_QueueRunner.php(132): ActionScheduler_QueueRunner->do_batch(25, 'Async Request')
#6 C:\xampp\htdocs\Galaxy-Store\wp-includes\class-wp-hook.php(292): ActionScheduler_QueueRunner->run('Async Request')
#7 C:\xampp\htdocs\Galaxy-Store\wp-includes\class-wp-hook.php(316): WP_Hook->apply_filters('', Array)
#8 C:\xampp\htdocs\Galaxy-Store\wp-includes\plugin.php(484): WP_Hook->do_action(Array)
#9 C:\xampp\htdocs\Galaxy-Store\wp-content\plugins\woocommerce\packages\action-scheduler\classes\ActionScheduler_AsyncRequest_QueueRunner.php(52): do_action('action_schedule...', 'Async Request')
#10 C:\xampp\htdocs\Galaxy-Store\wp-content\plugins\woocommerce\includes\libraries\wp-async-request.php(147): ActionScheduler_AsyncRequest_QueueRunner->handle()
#11 C:\xampp\htdocs\Galaxy-Store\wp-includes\class-wp-hook.php(292): WP_Async_Request->maybe_handle('')
#12 C:\xampp\htdocs\Galaxy-Store\wp-includes\class-wp-hook.php(316): WP_Hook->apply_filters('', Array)
#13 C:\xampp\htdocs\Galaxy-Store\wp-includes\plugin.php(484): WP_Hook->do_action(Array)
#14 C:\xampp\htdocs\Galaxy-Store\wp-admin\admin-ajax.php(187): do_action('wp_ajax_as_asyn...')
#15 {main}
  thrown in C:\xampp\htdocs\Galaxy-Store\wp-includes\class-wp-hook.php on line 292

2021-05-02T19:25:52+00:00 CRITICAL Uncaught RuntimeException: Unable to claim actions. Database error. in C:\xampp\htdocs\Galaxy-Store\wp-content\plugins\woocommerce\packages\action-scheduler\classes\data-stores\ActionScheduler_DBStore.php:675
Stack trace:
#0 C:\xampp\htdocs\Galaxy-Store\wp-content\plugins\woocommerce\packages\action-scheduler\classes\data-stores\ActionScheduler_DBStore.php(599): ActionScheduler_DBStore->claim_actions(0, 25, NULL, Array, '')
#1 C:\xampp\htdocs\Galaxy-Store\wp-content\plugins\woocommerce\packages\action-scheduler\classes\ActionScheduler_QueueRunner.php(153): ActionScheduler_DBStore->stake_claim(25)
#2 C:\xampp\htdocs\Galaxy-Store\wp-content\plugins\woocommerce\packages\action-scheduler\classes\ActionScheduler_QueueRunner.php(132): ActionScheduler_QueueRunner->do_batch(25, 'WP Cron')
#3 C:\xampp\htdocs\Galaxy-Store\wp-includes\class-wp-hook.php(292): ActionScheduler_QueueRunner->run('WP Cron')
#4 C:\xampp\htdocs\Galaxy-Store\wp-includes\class-wp-hook.php(316): WP_Hook->apply_filters('', Array)
#5 C:\xampp\htdocs\Galaxy-Store\wp-includes\plugin.php(551): WP_Hook->do_action(Array)
#6 C:\xampp\htdocs\Galaxy-Store\wp-cron.php(138): do_action_ref_array('action_schedule...', Array)
#7 {main}
  thrown in C:\xampp\htdocs\Galaxy-Store\wp-content\plugins\woocommerce\packages\action-scheduler\classes\data-stores\ActionScheduler_DBStore.php on line 675

